<?xml version="1.0" encoding="UTF-8"?>
<!-- Generated by org.testng.reporters.JUnitReportReporter -->
<testsuite hostname="LAPTOP-JH1AORIL" failures="0" tests="1" name="testScripts.AdminUsersTest" time="6.087" errors="0" timestamp="2025-10-17T00:17:00 IST" skipped="0">
  <testcase classname="testScripts.AdminUsersTest" name="verifyWhetherUserIsAbleToResetUsersList" time="6.087"/>
</testsuite> <!-- testScripts.AdminUsersTest -->
