<?xml version="1.0" encoding="UTF-8"?>
<!-- Generated by org.testng.reporters.JUnitReportReporter -->
<testsuite hostname="LAPTOP-JH1AORIL" failures="0" tests="2" name="testScripts.ManageNewsTest" time="9.623" errors="0" timestamp="2025-10-17T16:46:19 IST" skipped="0">
  <testcase classname="testScripts.ManageNewsTest" name="verifyWhetherUserIsAbleToAddNewNews" time="4.991"/>
  <testcase classname="testScripts.ManageNewsTest" name="verifyWhetherUserIsAbleToSearchAddedNews" time="4.632"/>
</testsuite> <!-- testScripts.ManageNewsTest -->
