<?xml version="1.0" encoding="UTF-8"?>
<!-- Generated by org.testng.reporters.JUnitReportReporter -->
<testsuite hostname="LAPTOP-JH1AORIL" failures="0" tests="1" name="testScripts.ManageNewsTest" time="4.090" errors="0" timestamp="2025-10-07T22:14:40 IST" skipped="0">
  <testcase classname="testScripts.ManageNewsTest" name="verifyWhetherUserIsAbleToSearchAddedNews" time="4.090"/>
</testsuite> <!-- testScripts.ManageNewsTest -->
