<?xml version="1.0" encoding="UTF-8"?>
<!-- Generated by org.testng.reporters.JUnitReportReporter -->
<testsuite hostname="LAPTOP-JH1AORIL" failures="0" tests="1" name="testScripts.ManageNewsTest" time="6.198" errors="0" timestamp="2025-10-17T00:19:01 IST" skipped="0">
  <testcase classname="testScripts.ManageNewsTest" name="verifyWhetherUserIsAbleToSearchAddedNews" time="6.198"/>
</testsuite> <!-- testScripts.ManageNewsTest -->
