<?xml version="1.0" encoding="UTF-8"?>
<!-- Generated by org.testng.reporters.JUnitReportReporter -->
<testsuite hostname="LAPTOP-JH1AORIL" failures="0" tests="1" name="testScripts.HomeTest" time="4.332" errors="0" timestamp="2025-10-17T16:46:19 IST" skipped="0">
  <testcase classname="testScripts.HomeTest" name="verifyWhetherUserIsAbleToLogOutSuccessfully" time="4.332"/>
</testsuite> <!-- testScripts.HomeTest -->
