<?xml version="1.0" encoding="UTF-8"?>
<!-- Generated by org.testng.reporters.JUnitReportReporter -->
<testsuite hostname="LAPTOP-JH1AORIL" failures="0" tests="1" name="testScripts.HomeTest" time="5.321" errors="0" timestamp="2025-10-15T12:14:44 IST" skipped="0">
  <testcase classname="testScripts.HomeTest" name="verifyWhetherUserIsAbleToLogOutSuccessfully" time="5.321"/>
</testsuite> <!-- testScripts.HomeTest -->
