<?xml version="1.0" encoding="UTF-8"?>
<!-- Generated by org.testng.reporters.JUnitReportReporter -->
<testsuite hostname="LAPTOP-JH1AORIL" failures="0" tests="1" name="testScripts.ManageNewsTest" time="4.329" errors="0" timestamp="2025-10-07T13:52:06 IST" skipped="0">
  <testcase classname="testScripts.ManageNewsTest" name="verifyWhetherUserIsAbleToAddNewNews" time="4.329"/>
</testsuite> <!-- testScripts.ManageNewsTest -->
