<?xml version="1.0" encoding="UTF-8"?>
<!-- Generated by org.testng.reporters.JUnitReportReporter -->
<testsuite hostname="LAPTOP-JH1AORIL" failures="0" tests="1" name="testScripts.AdminUsersTest" time="6.782" errors="0" timestamp="2025-10-17T20:12:40 IST" skipped="0">
  <testcase classname="testScripts.AdminUsersTest" name="verifyWhetherUserIsAbleToResetUsersList" time="6.782"/>
</testsuite> <!-- testScripts.AdminUsersTest -->
