<?xml version="1.0" encoding="UTF-8"?>
<!-- Generated by org.testng.reporters.JUnitReportReporter -->
<testsuite hostname="LAPTOP-JH1AORIL" failures="0" tests="1" name="testScripts.HomeTest" time="4.697" errors="0" timestamp="2025-10-10T11:52:47 IST" skipped="0">
  <testcase classname="testScripts.HomeTest" name="verifyWhetherUserIsAbleToLogOutSuccessfully" time="4.697"/>
</testsuite> <!-- testScripts.HomeTest -->
