<?xml version="1.0" encoding="UTF-8"?>
<!-- Generated by org.testng.reporters.JUnitReportReporter -->
<testsuite hostname="LAPTOP-JH1AORIL" failures="0" tests="1" name="testScripts.HomeTest" time="3.868" errors="0" timestamp="2025-10-03T20:57:38 IST" skipped="0">
  <testcase classname="testScripts.HomeTest" name="verifyWhetherUserIsAbleToLogOutSuccessfully" time="3.868"/>
</testsuite> <!-- testScripts.HomeTest -->
