<?xml version="1.0" encoding="UTF-8"?>
<!-- Generated by org.testng.reporters.JUnitReportReporter -->
<testsuite hostname="LAPTOP-JH1AORIL" failures="0" tests="1" name="testScripts.AdminUsersTest" time="4.894" errors="0" timestamp="2025-10-06T22:39:12 IST" skipped="0">
  <testcase classname="testScripts.AdminUsersTest" name="verifyWhetherUserIsAbleToAddNewUser" time="4.894"/>
</testsuite> <!-- testScripts.AdminUsersTest -->
