<?xml version="1.0" encoding="UTF-8"?>
<!-- Generated by org.testng.reporters.JUnitReportReporter -->
<testsuite hostname="LAPTOP-JH1AORIL" failures="0" tests="3" name="testScripts.AdminUsersTest" time="20.512" errors="0" timestamp="2025-10-20T22:24:37 IST" skipped="0">
  <testcase classname="testScripts.AdminUsersTest" name="verifyWhetherUserIsAbleToAddNewUser" time="10.098"/>
  <testcase classname="testScripts.AdminUsersTest" name="verifyWhetherUserIsAbleToSearchNewlyAddedUser" time="5.064"/>
  <testcase classname="testScripts.AdminUsersTest" name="verifyWhetherUserIsAbleToResetUsersList" time="5.350"/>
</testsuite> <!-- testScripts.AdminUsersTest -->
