<?xml version="1.0" encoding="UTF-8"?>
<!-- Generated by org.testng.reporters.JUnitReportReporter -->
<testsuite hostname="LAPTOP-JH1AORIL" failures="0" tests="1" name="testScripts.HomeTest" time="5.075" errors="0" timestamp="2025-10-20T22:24:37 IST" skipped="0">
  <testcase classname="testScripts.HomeTest" name="verifyWhetherUserIsAbleToLogOutSuccessfully" time="5.075"/>
</testsuite> <!-- testScripts.HomeTest -->
