<?xml version="1.0" encoding="UTF-8"?>
<!-- Generated by org.testng.reporters.JUnitReportReporter -->
<testsuite hostname="LAPTOP-JH1AORIL" failures="0" tests="2" name="testScripts.LoginTest" time="7.232" errors="0" timestamp="2025-10-15T12:11:17 IST" skipped="0">
  <testcase classname="testScripts.LoginTest" name="verifyWetherUserIsAbleToLoginWithInvalidUsernameAndInvalidPassword" time="3.867"/>
  <testcase classname="testScripts.LoginTest" name="verifyWetherUserIsAbleToLoginWithInvalidUsernameAndInvalidPassword" time="3.365"/>
</testsuite> <!-- testScripts.LoginTest -->
